#! /usr/local/bin/vvp
:ivl_version "13.0 (devel)" "(s20221226-498-g52d049b51)";
:ivl_delay_selection "TYPICAL";
:vpi_time_precision + 0;
:vpi_module "/usr/local/lib/ivl/system.vpi";
:vpi_module "/usr/local/lib/ivl/vhdl_sys.vpi";
:vpi_module "/usr/local/lib/ivl/vhdl_textio.vpi";
:vpi_module "/usr/local/lib/ivl/v2005_math.vpi";
:vpi_module "/usr/local/lib/ivl/va_math.vpi";
S_0x55fe158fe2a0 .scope module, "xor_and_not_tb" "xor_and_not_tb" 2 1;
 .timescale 0 0;
v0x55fe15912030_0 .var "a", 0 0;
v0x55fe159120f0_0 .var "b", 0 0;
v0x55fe159121c0_0 .var "clk", 0 0;
v0x55fe159122c0_0 .net "z", 0 0, v0x55fe15911ec0_0;  1 drivers
S_0x55fe158fe430 .scope module, "XO1" "xor_and_not" 2 7, 3 1 0, S_0x55fe158fe2a0;
 .timescale 0 0;
    .port_info 0 /INPUT 1 "clk";
    .port_info 1 /INPUT 1 "a";
    .port_info 2 /INPUT 1 "b";
    .port_info 3 /OUTPUT 1 "z";
v0x55fe158fe630_0 .net "a", 0 0, v0x55fe15912030_0;  1 drivers
v0x55fe15911d30_0 .net "b", 0 0, v0x55fe159120f0_0;  1 drivers
v0x55fe15911df0_0 .net "clk", 0 0, v0x55fe159121c0_0;  1 drivers
v0x55fe15911ec0_0 .var "z", 0 0;
E_0x55fe158fd9b0 .event posedge, v0x55fe15911df0_0;
    .scope S_0x55fe158fe430;
T_0 ;
    %wait E_0x55fe158fd9b0;
    %load/vec4 v0x55fe158fe630_0;
    %inv;
    %load/vec4 v0x55fe15911d30_0;
    %inv;
    %xor;
    %store/vec4 v0x55fe15911ec0_0, 0, 1;
    %jmp T_0;
    .thread T_0;
    .scope S_0x55fe158fe2a0;
T_1 ;
    %delay 1, 0;
    %load/vec4 v0x55fe159121c0_0;
    %inv;
    %store/vec4 v0x55fe159121c0_0, 0, 1;
    %jmp T_1;
    .thread T_1;
    .scope S_0x55fe158fe2a0;
T_2 ;
    %vpi_call 2 20 "$dumpfile", "xor_and_not_tb.vcd" {0 0 0};
    %vpi_call 2 22 "$dumpvars", 32'sb00000000000000000000000000000000, S_0x55fe158fe2a0 {0 0 0};
    %vpi_call 2 24 "$display", "---->INICIANDO PRUEBA" {0 0 0};
    %vpi_call 2 25 "$monitor", "a = %b, b = %b, z = %b", v0x55fe15912030_0, v0x55fe159120f0_0, v0x55fe159122c0_0 {0 0 0};
    %pushi/vec4 1, 0, 1;
    %store/vec4 v0x55fe159121c0_0, 0, 1;
    %pushi/vec4 0, 0, 1;
    %store/vec4 v0x55fe15912030_0, 0, 1;
    %pushi/vec4 0, 0, 1;
    %store/vec4 v0x55fe159120f0_0, 0, 1;
    %delay 10, 0;
    %pushi/vec4 0, 0, 1;
    %store/vec4 v0x55fe15912030_0, 0, 1;
    %pushi/vec4 1, 0, 1;
    %store/vec4 v0x55fe159120f0_0, 0, 1;
    %delay 10, 0;
    %pushi/vec4 1, 0, 1;
    %store/vec4 v0x55fe15912030_0, 0, 1;
    %pushi/vec4 0, 0, 1;
    %store/vec4 v0x55fe159120f0_0, 0, 1;
    %delay 10, 0;
    %pushi/vec4 1, 0, 1;
    %store/vec4 v0x55fe15912030_0, 0, 1;
    %pushi/vec4 1, 0, 1;
    %store/vec4 v0x55fe159120f0_0, 0, 1;
    %delay 10, 0;
    %vpi_call 2 33 "$display", "---->PRUEBA TERMINADA" {0 0 0};
    %vpi_call 2 34 "$finish" {0 0 0};
    %end;
    .thread T_2;
# The file index is used to find the file name in the following table.
:file_names 4;
    "N/A";
    "<interactive>";
    "xor_and_not_tb.v";
    "xor_and_not.v";
